This is pdfTeX, Version 3.141592653-2.6-1.40.22 (MiKTeX 21.2) (preloaded format=pdflatex 2021.4.19)  21 APR 2021 18:49
entering extended mode
**./Laboratorio2_TiconaMamaniAlex.tex
(Laboratorio2_TiconaMamaniAlex.tex
LaTeX2e <2020-10-01> patch level 4
L3 programming layer <2021-02-18> xparse <2020-03-03>
(C:\Program Files\MiKTeX\tex/latex/base\book.cls
Document Class: book 2020/04/10 v1.4m Standard LaTeX document class
(C:\Program Files\MiKTeX\tex/latex/base\bk12.clo
File: bk12.clo 2020/04/10 v1.4m Standard LaTeX file (size option)
)
\c@part=\count179
\c@chapter=\count180
\c@section=\count181
\c@subsection=\count182
\c@subsubsection=\count183
\c@paragraph=\count184
\c@subparagraph=\count185
\c@figure=\count186
\c@table=\count187
\abovecaptionskip=\skip47
\belowcaptionskip=\skip48
\bibindent=\dimen138
)
(C:\Program Files\MiKTeX\tex/latex/base\inputenc.sty
Package: inputenc 2020/08/01 v1.3d Input encoding file
\inpenc@prehook=\toks15
\inpenc@posthook=\toks16
)
(C:\Program Files\MiKTeX\tex/generic/babel\babel.sty
Package: babel 2021/01/26 3.53 The Babel package

(C:\Program Files\MiKTeX\tex/generic/babel\babel.def
File: babel.def 2021/01/26 3.53 Babel common definitions
\babel@savecnt=\count188
\U@D=\dimen139
\l@babelnohyphens=\language79

(C:\Program Files\MiKTeX\tex/generic/babel\txtbabel.def)
\bbl@readstream=\read2
)
\bbl@dirlevel=\count189

*************************************
* Local config file bblopts.cfg used
*
(C:\Program Files\MiKTeX\tex/latex/arabi\bblopts.cfg
File: bblopts.cfg 2005/09/08 v0.1 add Arabic and Farsi to "declared" options of
 babel
)
(C:\Program Files\MiKTeX\tex/latex/babel-spanish\spanish.ldf
Language: spanish.ldf 2016/03/03 v5.0p Spanish support from the babel system
\es@quottoks=\toks17
\es@quotdepth=\count190
Package babel Info: Making " an active character on input line 561.
Package babel Info: Making . an active character on input line 662.
Package babel Info: Making < an active character on input line 707.
Package babel Info: Making > an active character on input line 707.
))
(C:\Program Files\MiKTeX\tex/latex/amsmath\amsmath.sty
Package: amsmath 2020/09/23 v2.17i AMS math features
\@mathmargin=\skip49

For additional information on amsmath, use the `?' option.
(C:\Program Files\MiKTeX\tex/latex/amsmath\amstext.sty
Package: amstext 2000/06/29 v2.01 AMS text

(C:\Program Files\MiKTeX\tex/latex/amsmath\amsgen.sty
File: amsgen.sty 1999/11/30 v2.0 generic functions
\@emptytoks=\toks18
\ex@=\dimen140
))
(C:\Program Files\MiKTeX\tex/latex/amsmath\amsbsy.sty
Package: amsbsy 1999/11/29 v1.2d Bold Symbols
\pmbraise@=\dimen141
)
(C:\Program Files\MiKTeX\tex/latex/amsmath\amsopn.sty
Package: amsopn 2016/03/08 v2.02 operator names
)
\inf@bad=\count191
LaTeX Info: Redefining \frac on input line 234.
\uproot@=\count192
\leftroot@=\count193
LaTeX Info: Redefining \overline on input line 399.
\classnum@=\count194
\DOTSCASE@=\count195
LaTeX Info: Redefining \ldots on input line 496.
LaTeX Info: Redefining \dots on input line 499.
LaTeX Info: Redefining \cdots on input line 620.
\Mathstrutbox@=\box47
\strutbox@=\box48
\big@size=\dimen142
LaTeX Font Info:    Redeclaring font encoding OML on input line 743.
LaTeX Font Info:    Redeclaring font encoding OMS on input line 744.
\macc@depth=\count196
\c@MaxMatrixCols=\count197
\dotsspace@=\muskip16
\c@parentequation=\count198
\dspbrk@lvl=\count199
\tag@help=\toks19
\row@=\count266
\column@=\count267
\maxfields@=\count268
\andhelp@=\toks20
\eqnshift@=\dimen143
\alignsep@=\dimen144
\tagshift@=\dimen145
\tagwidth@=\dimen146
\totwidth@=\dimen147
\lineht@=\dimen148
\@envbody=\toks21
\multlinegap=\skip50
\multlinetaggap=\skip51
\mathdisplay@stack=\toks22
LaTeX Info: Redefining \[ on input line 2923.
LaTeX Info: Redefining \] on input line 2924.
)
(C:\Program Files\MiKTeX\tex/latex/amsfonts\amsfonts.sty
Package: amsfonts 2013/01/14 v3.01 Basic AMSFonts support
\symAMSa=\mathgroup4
\symAMSb=\mathgroup5
LaTeX Font Info:    Redeclaring math symbol \hbar on input line 98.
LaTeX Font Info:    Overwriting math alphabet `\mathfrak' in version `bold'
(Font)                  U/euf/m/n --> U/euf/b/n on input line 106.
)
(C:\Program Files\MiKTeX\tex/latex/amsfonts\amssymb.sty
Package: amssymb 2013/01/14 v3.01 AMS font symbols
)
(C:\Program Files\MiKTeX\tex/latex/graphics\graphicx.sty
Package: graphicx 2020/09/09 v1.2b Enhanced LaTeX Graphics (DPC,SPQR)

(C:\Program Files\MiKTeX\tex/latex/graphics\keyval.sty
Package: keyval 2014/10/28 v1.15 key=value parser (DPC)
\KV@toks@=\toks23
)
(C:\Program Files\MiKTeX\tex/latex/graphics\graphics.sty
Package: graphics 2020/08/30 v1.4c Standard LaTeX Graphics (DPC,SPQR)

(C:\Program Files\MiKTeX\tex/latex/graphics\trig.sty
Package: trig 2016/01/03 v1.10 sin cos tan (DPC)
)
(C:\Program Files\MiKTeX\tex/latex/graphics-cfg\graphics.cfg
File: graphics.cfg 2016/06/04 v1.11 sample graphics configuration
)
Package graphics Info: Driver file: pdftex.def on input line 105.

(C:\Program Files\MiKTeX\tex/latex/graphics-def\pdftex.def
File: pdftex.def 2020/10/05 v1.2a Graphics/color driver for pdftex
))
\Gin@req@height=\dimen149
\Gin@req@width=\dimen150
)
(C:\Program Files\MiKTeX\tex/latex/geometry\geometry.sty
Package: geometry 2020/01/02 v5.9 Page Geometry

(C:\Program Files\MiKTeX\tex/generic/iftex\ifvtex.sty
Package: ifvtex 2019/10/25 v1.7 ifvtex legacy package. Use iftex instead.

(C:\Program Files\MiKTeX\tex/generic/iftex\iftex.sty
Package: iftex 2020/03/06 v1.0d TeX engine tests
))
\Gm@cnth=\count269
\Gm@cntv=\count270
\c@Gm@tempcnt=\count271
\Gm@bindingoffset=\dimen151
\Gm@wd@mp=\dimen152
\Gm@odd@mp=\dimen153
\Gm@even@mp=\dimen154
\Gm@layoutwidth=\dimen155
\Gm@layoutheight=\dimen156
\Gm@layouthoffset=\dimen157
\Gm@layoutvoffset=\dimen158
\Gm@dimlist=\toks24

(C:\Program Files\MiKTeX\tex/latex/geometry\geometry.cfg))
(C:\Program Files\MiKTeX\tex/latex/l3backend\l3backend-pdftex.def
File: l3backend-pdftex.def 2021-02-18 L3 backend support: PDF output (pdfTeX)
\l__color_backend_stack_int=\count272
\l__pdf_internal_box=\box49
)
(Laboratorio2_TiconaMamaniAlex.aux
LaTeX Info: Redefining \. on input line 8.
LaTeX Info: Redefining \% on input line 8.
)
\openout1 = `Laboratorio2_TiconaMamaniAlex.aux'.

LaTeX Font Info:    Checking defaults for OML/cmm/m/it on input line 8.
LaTeX Font Info:    ... okay on input line 8.
LaTeX Font Info:    Checking defaults for OMS/cmsy/m/n on input line 8.
LaTeX Font Info:    ... okay on input line 8.
LaTeX Font Info:    Checking defaults for OT1/cmr/m/n on input line 8.
LaTeX Font Info:    ... okay on input line 8.
LaTeX Font Info:    Checking defaults for T1/cmr/m/n on input line 8.
LaTeX Font Info:    ... okay on input line 8.
LaTeX Font Info:    Checking defaults for TS1/cmr/m/n on input line 8.
LaTeX Font Info:    ... okay on input line 8.
LaTeX Font Info:    Checking defaults for OMX/cmex/m/n on input line 8.
LaTeX Font Info:    ... okay on input line 8.
LaTeX Font Info:    Checking defaults for U/cmr/m/n on input line 8.
LaTeX Font Info:    ... okay on input line 8.
LaTeX Info: Redefining \. on input line 8.
LaTeX Info: Redefining \% on input line 8.

(C:\Program Files\MiKTeX\tex/context/base/mkii\supp-pdf.mkii
[Loading MPS to PDF converter (version 2006.09.02).]
\scratchcounter=\count273
\scratchdimen=\dimen159
\scratchbox=\box50
\nofMPsegments=\count274
\nofMParguments=\count275
\everyMPshowfont=\toks25
\MPscratchCnt=\count276
\MPscratchDim=\dimen160
\MPnumerator=\count277
\makeMPintoPDFobject=\count278
\everyMPtoPDFconversion=\toks26
) (C:\Program Files\MiKTeX\tex/latex/epstopdf-pkg\epstopdf-base.sty
Package: epstopdf-base 2020-01-24 v2.11 Base part for package epstopdf
Package epstopdf-base Info: Redefining graphics rule for `.eps' on input line 4
85.
)
*geometry* driver: auto-detecting
*geometry* detected driver: pdftex
*geometry* verbose mode - [ preamble ] result:
* driver: pdftex
* paper: a4paper
* layout: <same size as paper>
* layoutoffset:(h,v)=(0.0pt,0.0pt)
* modes: twoside 
* h-part:(L,W,R)=(56.9055pt, 469.47049pt, 71.13188pt)
* v-part:(T,H,B)=(71.13188pt, 702.78308pt, 71.13188pt)
* \paperwidth=597.50787pt
* \paperheight=845.04684pt
* \textwidth=469.47049pt
* \textheight=702.78308pt
* \oddsidemargin=-15.36449pt
* \evensidemargin=-1.1381pt
* \topmargin=-33.0119pt
* \headheight=12.0pt
* \headsep=19.8738pt
* \topskip=12.0pt
* \footskip=30.0pt
* \marginparwidth=88.0pt
* \marginparsep=7.0pt
* \columnsep=10.0pt
* \skip\footins=10.8pt plus 4.0pt minus 2.0pt
* \hoffset=0.0pt
* \voffset=0.0pt
* \mag=1000
* \@twocolumnfalse
* \@twosidetrue
* \@mparswitchtrue
* \@reversemarginfalse
* (1in=72.27pt=25.4mm, 1cm=28.453pt)

<Imagenes/upt.jpg, id=1, 78.2925pt x 105.39375pt>
File: Imagenes/upt.jpg Graphic file (type jpg)
<use Imagenes/upt.jpg>
Package pdftex.def Info: Imagenes/upt.jpg  used on input line 18.
(pdftex.def)             Requested size: 78.2923pt x 105.39348pt.

LaTeX Font Warning: Font shape `OT1/cmr/bx/sc' undefined
(Font)              using `OT1/cmr/bx/n' instead on input line 34.

[1

{C:/Users/ALEX/AppData/Local/MiKTeX/pdftex/config/pdftex.map} <./Imagenes/upt.j
pg>]
Underfull \hbox (badness 10000) in paragraph at lines 46--47

 []

<Imagenes/img1.jpg, id=8, 890.5772pt x 422.32782pt>
File: Imagenes/img1.jpg Graphic file (type jpg)
<use Imagenes/img1.jpg>
Package pdftex.def Info: Imagenes/img1.jpg  used on input line 59.
(pdftex.def)             Requested size: 341.43306pt x 161.9104pt.
<Imagenes/img2.jpg, id=9, 642.14906pt x 386.19281pt>
File: Imagenes/img2.jpg Graphic file (type jpg)
<use Imagenes/img2.jpg>
Package pdftex.def Info: Imagenes/img2.jpg  used on input line 67.
(pdftex.def)             Requested size: 341.43306pt x 205.34709pt.

Underfull \vbox (badness 4181) has occurred while \output is active []

 [2 <./Imagenes/img1.jpg>]
<Imagenes/img3.jpg, id=13, 405.01312pt x 296.60812pt>
File: Imagenes/img3.jpg Graphic file (type jpg)
<use Imagenes/img3.jpg>
Package pdftex.def Info: Imagenes/img3.jpg  used on input line 71.
(pdftex.def)             Requested size: 341.43306pt x 250.04976pt.

Underfull \hbox (badness 10000) in paragraph at lines 82--91

 []

<Imagenes/img4.jpg, id=14, 975.645pt x 433.62pt>
File: Imagenes/img4.jpg Graphic file (type jpg)
<use Imagenes/img4.jpg>
Package pdftex.def Info: Imagenes/img4.jpg  used on input line 94.
(pdftex.def)             Requested size: 341.43306pt x 151.74942pt.
[3 <./Imagenes/img2.jpg> <./Imagenes/img3.jpg>]
<Imagenes/img5.jpg, id=18, 377.15906pt x 389.20406pt>
File: Imagenes/img5.jpg Graphic file (type jpg)
<use Imagenes/img5.jpg>
Package pdftex.def Info: Imagenes/img5.jpg  used on input line 98.
(pdftex.def)             Requested size: 341.43306pt x 352.33524pt.
 [4 <./Imagenes/img4.jpg> <./Imagenes/img5.jpg>]
<Imagenes/img6.jpg, id=22, 992.95969pt x 423.08063pt>
File: Imagenes/img6.jpg Graphic file (type jpg)
<use Imagenes/img6.jpg>
Package pdftex.def Info: Imagenes/img6.jpg  used on input line 117.
(pdftex.def)             Requested size: 341.43306pt x 145.47879pt.
<Imagenes/img7.jpg, id=23, 833.36343pt x 423.08063pt>
File: Imagenes/img7.jpg Graphic file (type jpg)
<use Imagenes/img7.jpg>
Package pdftex.def Info: Imagenes/img7.jpg  used on input line 121.
(pdftex.def)             Requested size: 341.43306pt x 173.34152pt.
<Imagenes/img8.jpg, id=24, 417.81094pt x 319.1925pt>
File: Imagenes/img8.jpg Graphic file (type jpg)
<use Imagenes/img8.jpg>
Package pdftex.def Info: Imagenes/img8.jpg  used on input line 136.
(pdftex.def)             Requested size: 341.43306pt x 260.85797pt.
 [5 <./Imagenes/img6.jpg> <./Imagenes/img7.jpg>]
<Imagenes/img9.jpg, id=28, 232.61906pt x 104.64093pt>
File: Imagenes/img9.jpg Graphic file (type jpg)
<use Imagenes/img9.jpg>
Package pdftex.def Info: Imagenes/img9.jpg  used on input line 144.
(pdftex.def)             Requested size: 341.43306pt x 153.60474pt.
<Imagenes/img10.jpg, id=29, 367.3725pt x 283.81032pt>
File: Imagenes/img10.jpg Graphic file (type jpg)
<use Imagenes/img10.jpg>
Package pdftex.def Info: Imagenes/img10.jpg  used on input line 154.
(pdftex.def)             Requested size: 341.43306pt x 263.78929pt.
 [6 <./Imagenes/img8.jpg> <./Imagenes/img9.jpg>]
<Imagenes/img11.jpg, id=33, 605.26125pt x 371.13657pt>
File: Imagenes/img11.jpg Graphic file (type jpg)
<use Imagenes/img11.jpg>
Package pdftex.def Info: Imagenes/img11.jpg  used on input line 167.
(pdftex.def)             Requested size: 341.43306pt x 209.36409pt.
<Imagenes/img12.jpg, id=34, 388.45125pt x 308.65312pt>
File: Imagenes/img12.jpg Graphic file (type jpg)
<use Imagenes/img12.jpg>
Package pdftex.def Info: Imagenes/img12.jpg  used on input line 171.
(pdftex.def)             Requested size: 341.43306pt x 271.30003pt.

Underfull \vbox (badness 5756) has occurred while \output is active []

 [7 <./Imagenes/img10.jpg> <./Imagenes/img11.jpg>]
<Imagenes/img13.jpg, id=39, 592.46344pt x 310.15875pt>
File: Imagenes/img13.jpg Graphic file (type jpg)
<use Imagenes/img13.jpg>
Package pdftex.def Info: Imagenes/img13.jpg  used on input line 190.
(pdftex.def)             Requested size: 341.43306pt x 178.7469pt.
<Imagenes/img14.jpg, id=41, 560.8453pt x 326.72063pt>
File: Imagenes/img14.jpg Graphic file (type jpg)
<use Imagenes/img14.jpg>
Package pdftex.def Info: Imagenes/img14.jpg  used on input line 194.
(pdftex.def)             Requested size: 341.43306pt x 198.90045pt.
 [8 <./Imagenes/img12.jpg> <./Imagenes/img13.jpg>]
<Imagenes/img15.jpg, id=46, 578.91281pt x 325.215pt>
File: Imagenes/img15.jpg Graphic file (type jpg)
<use Imagenes/img15.jpg>
Package pdftex.def Info: Imagenes/img15.jpg  used on input line 198.
(pdftex.def)             Requested size: 341.43306pt x 191.80571pt.
<Imagenes/img16.jpg, id=47, 1008.76875pt x 441.14813pt>
File: Imagenes/img16.jpg Graphic file (type jpg)
<use Imagenes/img16.jpg>
Package pdftex.def Info: Imagenes/img16.jpg  used on input line 202.
(pdftex.def)             Requested size: 341.43306pt x 149.31523pt.
<Imagenes/img17.jpg, id=48, 1008.01593pt x 456.95718pt>
File: Imagenes/img17.jpg Graphic file (type jpg)
<use Imagenes/img17.jpg>
Package pdftex.def Info: Imagenes/img17.jpg  used on input line 206.
(pdftex.def)             Requested size: 341.43306pt x 154.77768pt.

Underfull \vbox (badness 10000) has occurred while \output is active []

 [9 <./Imagenes/img14.jpg> <./Imagenes/img15.jpg> <./Imagenes/img16.jpg>] [10 <
./Imagenes/img17.jpg>] (Laboratorio2_TiconaMamaniAlex.aux
LaTeX Info: Redefining \. on input line 8.
LaTeX Info: Redefining \% on input line 8.
)

LaTeX Font Warning: Some font shapes were not available, defaults substituted.

 ) 
Here is how much of TeX's memory you used:
 4128 strings out of 479334
 56261 string characters out of 2866963
 371477 words of memory out of 3000000
 21549 multiletter control sequences out of 15000+200000
 405291 words of font info for 33 fonts, out of 3000000 for 9000
 1141 hyphenation exceptions out of 8191
 68i,6n,74p,405b,361s stack positions out of 5000i,500n,10000p,200000b,50000s
<C:/Program Files/MiKTeX/fonts/type1/public/amsfonts/cm/cmbx12.pfb><C:/Progra
m Files/MiKTeX/fonts/type1/public/amsfonts/cm/cmr12.pfb>
Output written on Laboratorio2_TiconaMamaniAlex.pdf (10 pages, 915437 bytes).
PDF statistics:
 64 PDF objects out of 1000 (max. 8388607)
 0 named destinations out of 1000 (max. 500000)
 91 words of extra memory for PDF output out of 10000 (max. 10000000)

